

Microchip MPLAB XC8 Assembler V2.41 build 20230208172133 
                                                                                               Tue Jun 04 12:41:28 2024

Microchip MPLAB XC8 C Compiler v2.41 (Free license) build 20230208172133 Og1 
     1                           	processor	16F877A
     2                           	pagewidth 120
     3                           	opt	flic
     4                           	psect	cinit,global,class=CODE,merge=1,delta=2
     5                           	psect	cstackCOMMON,global,class=COMMON,space=1,delta=1,noexec
     6                           	psect	cstackBANK0,global,class=BANK0,space=1,delta=1,noexec
     7                           	psect	maintext,global,class=CODE,split=1,delta=2
     8                           	psect	text1,local,class=CODE,merge=1,delta=2
     9                           	psect	text2,local,class=CODE,merge=1,delta=2
    10                           	psect	text3,local,class=CODE,merge=1,delta=2
    11                           	psect	text4,local,class=CODE,merge=1,delta=2
    12                           	psect	text5,local,class=CODE,merge=1,delta=2
    13                           	psect	text6,local,class=CODE,merge=1,delta=2,group=1
    14                           	psect	config,global,abs,ovrld,class=CONFIG,space=4,delta=2,noexec
    15                           	dabs	1,0x7E,2
    16     0000                     
    17                           ; Generated 22/03/2023 GMT
    18                           ; 
    19                           ; Copyright © 2023, Microchip Technology Inc. and its subsidiaries ("Microchip")
    20                           ; All rights reserved.
    21                           ; 
    22                           ; This software is developed by Microchip Technology Inc. and its subsidiaries ("Microch
      +                          ip").
    23                           ; 
    24                           ; Redistribution and use in source and binary forms, with or without modification, are
    25                           ; permitted provided that the following conditions are met:
    26                           ; 
    27                           ;     1. Redistributions of source code must retain the above copyright notice, this lis
      +                          t of
    28                           ;        conditions and the following disclaimer.
    29                           ; 
    30                           ;     2. Redistributions in binary form must reproduce the above copyright notice, this 
      +                          list
    31                           ;        of conditions and the following disclaimer in the documentation and/or other
    32                           ;        materials provided with the distribution. Publication is not required when
    33                           ;        this file is used in an embedded application.
    34                           ; 
    35                           ;     3. Microchip's name may not be used to endorse or promote products derived from th
      +                          is
    36                           ;        software without specific prior written permission.
    37                           ; 
    38                           ; THIS SOFTWARE IS PROVIDED BY MICROCHIP "AS IS" AND ANY EXPRESS OR IMPLIED WARRANTIES,
    39                           ; INCLUDING, BUT NOT LIMITED TO, THE IMPLIED WARRANTIES OF MERCHANTABILITY AND FITNESS F
      +                          OR
    40                           ; PURPOSE ARE DISCLAIMED.  IN NO EVENT SHALL MICROCHIP BE LIABLE FOR ANY DIRECT, INDIREC
      +                          T,
    41                           ; INCIDENTAL, SPECIAL, EXEMPLARY, OR CONSEQUENTIAL DAMAGES (INCLUDING BUT NOT LIMITED TO
    42                           ; PROCUREMENT OF SUBSTITUTE GOODS OR SERVICES; LOSS OF USE, DATA OR PROFITS; OR BUSINESS
    43                           ; INTERRUPTION) HOWSOEVER CAUSED AND ON ANY THEORY OF LIABILITY, WHETHER IN CONTRACT, ST
      +                          RICT
    44                           ; LIABILITY, OR TORT (INCLUDING NEGLIGENCE OR OTHERWISE) ARISING IN ANY WAY OUT OF THE U
      +                          SE OF
    45                           ; THIS SOFTWARE, EVEN IF ADVISED OF THE POSSIBILITY OF SUCH DAMAGE.
    46                           ; 
    47                           ; 
    48                           ; Code-generator required, PIC16F877A Definitions
    49                           ; 
    50                           ; SFR Addresses
    51     0000                     	;# 
    52     0001                     	;# 
    53     0002                     	;# 
    54     0003                     	;# 
    55     0004                     	;# 
    56     0005                     	;# 
    57     0006                     	;# 
    58     0007                     	;# 
    59     0008                     	;# 
    60     0009                     	;# 
    61     000A                     	;# 
    62     000B                     	;# 
    63     000C                     	;# 
    64     000D                     	;# 
    65     000E                     	;# 
    66     000E                     	;# 
    67     000F                     	;# 
    68     0010                     	;# 
    69     0011                     	;# 
    70     0012                     	;# 
    71     0013                     	;# 
    72     0014                     	;# 
    73     0015                     	;# 
    74     0015                     	;# 
    75     0016                     	;# 
    76     0017                     	;# 
    77     0018                     	;# 
    78     0019                     	;# 
    79     001A                     	;# 
    80     001B                     	;# 
    81     001B                     	;# 
    82     001C                     	;# 
    83     001D                     	;# 
    84     001E                     	;# 
    85     001F                     	;# 
    86     0081                     	;# 
    87     0085                     	;# 
    88     0086                     	;# 
    89     0087                     	;# 
    90     0088                     	;# 
    91     0089                     	;# 
    92     008C                     	;# 
    93     008D                     	;# 
    94     008E                     	;# 
    95     0091                     	;# 
    96     0092                     	;# 
    97     0093                     	;# 
    98     0094                     	;# 
    99     0098                     	;# 
   100     0099                     	;# 
   101     009C                     	;# 
   102     009D                     	;# 
   103     009E                     	;# 
   104     009F                     	;# 
   105     010C                     	;# 
   106     010D                     	;# 
   107     010E                     	;# 
   108     010F                     	;# 
   109     018C                     	;# 
   110     018D                     	;# 
   111     0000                     	;# 
   112     0001                     	;# 
   113     0002                     	;# 
   114     0003                     	;# 
   115     0004                     	;# 
   116     0005                     	;# 
   117     0006                     	;# 
   118     0007                     	;# 
   119     0008                     	;# 
   120     0009                     	;# 
   121     000A                     	;# 
   122     000B                     	;# 
   123     000C                     	;# 
   124     000D                     	;# 
   125     000E                     	;# 
   126     000E                     	;# 
   127     000F                     	;# 
   128     0010                     	;# 
   129     0011                     	;# 
   130     0012                     	;# 
   131     0013                     	;# 
   132     0014                     	;# 
   133     0015                     	;# 
   134     0015                     	;# 
   135     0016                     	;# 
   136     0017                     	;# 
   137     0018                     	;# 
   138     0019                     	;# 
   139     001A                     	;# 
   140     001B                     	;# 
   141     001B                     	;# 
   142     001C                     	;# 
   143     001D                     	;# 
   144     001E                     	;# 
   145     001F                     	;# 
   146     0081                     	;# 
   147     0085                     	;# 
   148     0086                     	;# 
   149     0087                     	;# 
   150     0088                     	;# 
   151     0089                     	;# 
   152     008C                     	;# 
   153     008D                     	;# 
   154     008E                     	;# 
   155     0091                     	;# 
   156     0092                     	;# 
   157     0093                     	;# 
   158     0094                     	;# 
   159     0098                     	;# 
   160     0099                     	;# 
   161     009C                     	;# 
   162     009D                     	;# 
   163     009E                     	;# 
   164     009F                     	;# 
   165     010C                     	;# 
   166     010D                     	;# 
   167     010E                     	;# 
   168     010F                     	;# 
   169     018C                     	;# 
   170     018D                     	;# 
   171     0000                     	;# 
   172     0001                     	;# 
   173     0002                     	;# 
   174     0003                     	;# 
   175     0004                     	;# 
   176     0005                     	;# 
   177     0006                     	;# 
   178     0007                     	;# 
   179     0008                     	;# 
   180     0009                     	;# 
   181     000A                     	;# 
   182     000B                     	;# 
   183     000C                     	;# 
   184     000D                     	;# 
   185     000E                     	;# 
   186     000E                     	;# 
   187     000F                     	;# 
   188     0010                     	;# 
   189     0011                     	;# 
   190     0012                     	;# 
   191     0013                     	;# 
   192     0014                     	;# 
   193     0015                     	;# 
   194     0015                     	;# 
   195     0016                     	;# 
   196     0017                     	;# 
   197     0018                     	;# 
   198     0019                     	;# 
   199     001A                     	;# 
   200     001B                     	;# 
   201     001B                     	;# 
   202     001C                     	;# 
   203     001D                     	;# 
   204     001E                     	;# 
   205     001F                     	;# 
   206     0081                     	;# 
   207     0085                     	;# 
   208     0086                     	;# 
   209     0087                     	;# 
   210     0088                     	;# 
   211     0089                     	;# 
   212     008C                     	;# 
   213     008D                     	;# 
   214     008E                     	;# 
   215     0091                     	;# 
   216     0092                     	;# 
   217     0093                     	;# 
   218     0094                     	;# 
   219     0098                     	;# 
   220     0099                     	;# 
   221     009C                     	;# 
   222     009D                     	;# 
   223     009E                     	;# 
   224     009F                     	;# 
   225     010C                     	;# 
   226     010D                     	;# 
   227     010E                     	;# 
   228     010F                     	;# 
   229     018C                     	;# 
   230     018D                     	;# 
   231     0006                     _PORTB	set	6
   232     0008                     _PORTD	set	8
   233     0013                     _SSPBUF	set	19
   234     0014                     _SSPCON	set	20
   235     0063                     _SSPIF	set	99
   236     0088                     _TRISD	set	136
   237     0086                     _TRISB	set	134
   238     0091                     _SSPCON2bits	set	145
   239     0087                     _TRISCbits	set	135
   240     0094                     _SSPSTAT	set	148
   241     0093                     _SSPADD	set	147
   242     0091                     _SSPCON2	set	145
   243     040F                     _nRBPU	set	1039
   244     048C                     _ACKEN	set	1164
   245     048D                     _ACKDT	set	1165
   246     048B                     _RCEN	set	1163
   247     048A                     _PEN	set	1162
   248     0489                     _RSEN	set	1161
   249     0488                     _SEN	set	1160
   250     043C                     _TRISC4	set	1084
   251     043B                     _TRISC3	set	1083
   252                           
   253                           	psect	cinit
   254     07FC                     start_initialization:	
   255                           ; #config settings
   256                           
   257     07FC                     __initialization:
   258     07FC                     end_of_initialization:	
   259                           ;End of C runtime variable initialization code
   260                           
   261     07FC                     __end_of__initialization:
   262     07FC  0183               	clrf	3
   263     07FD  120A  118A  2F36   	ljmp	_main	;jump to C main() function
   264                           
   265                           	psect	cstackCOMMON
   266     0070                     __pcstackCOMMON:
   267     0070                     ?_I2C_Master_Wait:
   268     0070                     ??_I2C_Master_Wait:	
   269                           ; 1 bytes @ 0x0
   270                           
   271     0070                     ?_I2C_Master_Start:	
   272                           ; 1 bytes @ 0x0
   273                           
   274     0070                     ?_I2C_Master_Stop:	
   275                           ; 1 bytes @ 0x0
   276                           
   277     0070                     ?_I2C_Master_Write:	
   278                           ; 1 bytes @ 0x0
   279                           
   280     0070                     ?_main:	
   281                           ; 1 bytes @ 0x0
   282                           
   283     0070                     ?___lldiv:	
   284                           ; 1 bytes @ 0x0
   285                           
   286     0070                     ___lldiv@divisor:	
   287                           ; 4 bytes @ 0x0
   288                           
   289                           
   290                           ; 4 bytes @ 0x0
   291     0070                     	ds	1
   292     0071                     ??_I2C_Master_Start:
   293     0071                     ??_I2C_Master_Stop:	
   294                           ; 1 bytes @ 0x1
   295                           
   296     0071                     ??_I2C_Master_Write:	
   297                           ; 1 bytes @ 0x1
   298                           
   299     0071                     I2C_Master_Write@d:	
   300                           ; 1 bytes @ 0x1
   301                           
   302                           
   303                           ; 1 bytes @ 0x1
   304     0071                     	ds	3
   305     0074                     ___lldiv@dividend:
   306                           
   307                           ; 4 bytes @ 0x4
   308     0074                     	ds	4
   309     0078                     ??___lldiv:
   310                           
   311                           ; 1 bytes @ 0x8
   312     0078                     	ds	1
   313     0079                     ___lldiv@quotient:
   314                           
   315                           ; 4 bytes @ 0x9
   316     0079                     	ds	4
   317     007D                     ___lldiv@counter:
   318                           
   319                           ; 1 bytes @ 0xD
   320     007D                     	ds	1
   321                           
   322                           	psect	cstackBANK0
   323     0020                     __pcstackBANK0:
   324     0020                     ?_I2C_Master_Init:
   325     0020                     I2C_Master_Init@c:	
   326                           ; 1 bytes @ 0x0
   327                           
   328                           
   329                           ; 4 bytes @ 0x0
   330     0020                     	ds	4
   331     0024                     ??_I2C_Master_Init:
   332                           
   333                           ; 1 bytes @ 0x4
   334     0024                     	ds	4
   335     0028                     ??_main:
   336                           
   337                           ; 1 bytes @ 0x8
   338     0028                     	ds	3
   339                           
   340                           	psect	maintext
   341     0736                     __pmaintext:	
   342 ;;
   343 ;;Main: autosize = 0, tempsize = 3, incstack = 0, save=0
   344 ;;
   345 ;; *************** function _main *****************
   346 ;; Defined at:
   347 ;;		line 72 in file "newmain.c"
   348 ;; Parameters:    Size  Location     Type
   349 ;;		None
   350 ;; Auto vars:     Size  Location     Type
   351 ;;		None
   352 ;; Return value:  Size  Location     Type
   353 ;;                  1    wreg      void 
   354 ;; Registers used:
   355 ;;		wreg, status,2, status,0, btemp+1, pclath, cstack
   356 ;; Tracked objects:
   357 ;;		On entry : B00/0
   358 ;;		On exit  : 0/0
   359 ;;		Unchanged: 0/0
   360 ;; Data sizes:     COMMON   BANK0   BANK1   BANK3   BANK2
   361 ;;      Params:         0       0       0       0       0
   362 ;;      Locals:         0       0       0       0       0
   363 ;;      Temps:          0       3       0       0       0
   364 ;;      Totals:         0       3       0       0       0
   365 ;;Total ram usage:        3 bytes
   366 ;; Hardware stack levels required when called: 2
   367 ;; This function calls:
   368 ;;		_I2C_Master_Init
   369 ;;		_I2C_Master_Start
   370 ;;		_I2C_Master_Stop
   371 ;;		_I2C_Master_Write
   372 ;; This function is called by:
   373 ;;		Startup code after reset
   374 ;; This function uses a non-reentrant model
   375 ;;
   376                           
   377     0736                     _main:	
   378                           ;psect for function _main
   379                           
   380     0736                     l902:	
   381                           ;incstack = 0
   382                           ; Regs used in _main: [wreg+status,2+status,0+btemp+1+pclath+cstack]
   383                           
   384                           
   385                           ;newmain.c: 74: 
   386     0736  1683               	bsf	3,5	;RP0=1, select bank1
   387     0737  1303               	bcf	3,6	;RP1=0, select bank1
   388     0738  1381               	bcf	1,7	;volatile
   389     0739                     l904:
   390                           
   391                           ;newmain.c: 75: 
   392     0739  0186               	clrf	6	;volatile
   393                           
   394                           ;newmain.c: 76:     I2C_Master_Stop();
   395     073A  0188               	clrf	8	;volatile
   396                           
   397                           ;newmain.c: 77:     _delay((unsigned long)((500)*(20000000/4000.0)));
   398     073B  1283               	bcf	3,5	;RP0=0, select bank0
   399     073C  1303               	bcf	3,6	;RP1=0, select bank0
   400     073D  0188               	clrf	8	;volatile
   401     073E                     l906:
   402                           
   403                           ;newmain.c: 78:   }
   404     073E  3000               	movlw	0
   405     073F  00A3               	movwf	I2C_Master_Init@c+3
   406     0740  3001               	movlw	1
   407     0741  00A2               	movwf	I2C_Master_Init@c+2
   408     0742  3086               	movlw	134
   409     0743  00A1               	movwf	I2C_Master_Init@c+1
   410     0744  30A0               	movlw	160
   411     0745  00A0               	movwf	I2C_Master_Init@c
   412     0746  120A  118A  2704  120A  118A  	fcall	_I2C_Master_Init
   413     074B                     l908:
   414     074B  30FF               	movlw	255
   415     074C  1283               	bcf	3,5	;RP0=0, select bank0
   416     074D  1303               	bcf	3,6	;RP1=0, select bank0
   417     074E  0086               	movwf	6	;volatile
   418     074F                     l910:
   419     074F  120A  118A  26DA  120A  118A  	fcall	_I2C_Master_Start
   420     0754                     l912:
   421     0754  3030               	movlw	48
   422     0755  120A  118A  26EC  120A  118A  	fcall	_I2C_Master_Write
   423     075A                     l914:
   424     075A  1283               	bcf	3,5	;RP0=0, select bank0
   425     075B  1303               	bcf	3,6	;RP1=0, select bank0
   426     075C  0806               	movf	6,w	;volatile
   427     075D  120A  118A  26EC  120A  118A  	fcall	_I2C_Master_Write
   428     0762                     l916:
   429     0762  120A  118A  26E3  120A  118A  	fcall	_I2C_Master_Stop
   430     0767                     l918:
   431     0767  300D               	movlw	13
   432     0768  1283               	bcf	3,5	;RP0=0, select bank0
   433     0769  1303               	bcf	3,6	;RP1=0, select bank0
   434     076A  00AA               	movwf	??_main+2
   435     076B  30AF               	movlw	175
   436     076C  00A9               	movwf	??_main+1
   437     076D  30B5               	movlw	181
   438     076E  00A8               	movwf	??_main
   439     076F                     u287:
   440     076F  0BA8               	decfsz	??_main,f
   441     0770  2F6F               	goto	u287
   442     0771  0BA9               	decfsz	??_main+1,f
   443     0772  2F6F               	goto	u287
   444     0773  0BAA               	decfsz	??_main+2,f
   445     0774  2F6F               	goto	u287
   446     0775  2F76               	nop2
   447     0776                     l920:
   448     0776  1283               	bcf	3,5	;RP0=0, select bank0
   449     0777  1303               	bcf	3,6	;RP1=0, select bank0
   450     0778  0186               	clrf	6	;volatile
   451     0779                     l922:
   452     0779  120A  118A  26DA  120A  118A  	fcall	_I2C_Master_Start
   453     077E                     l924:
   454     077E  120A  118A  26E3  120A  118A  	fcall	_I2C_Master_Stop
   455     0783                     l926:
   456     0783  300D               	movlw	13
   457     0784  1283               	bcf	3,5	;RP0=0, select bank0
   458     0785  1303               	bcf	3,6	;RP1=0, select bank0
   459     0786  00AA               	movwf	??_main+2
   460     0787  30AF               	movlw	175
   461     0788  00A9               	movwf	??_main+1
   462     0789  30B5               	movlw	181
   463     078A  00A8               	movwf	??_main
   464     078B                     u297:
   465     078B  0BA8               	decfsz	??_main,f
   466     078C  2F8B               	goto	u297
   467     078D  0BA9               	decfsz	??_main+1,f
   468     078E  2F8B               	goto	u297
   469     078F  0BAA               	decfsz	??_main+2,f
   470     0790  2F8B               	goto	u297
   471     0791  2F92               	nop2
   472     0792  2F4B               	goto	l908
   473     0793  120A  118A  2800   	ljmp	start
   474     0796                     __end_of_main:
   475                           
   476                           	psect	text1
   477     06EC                     __ptext1:	
   478 ;; *************** function _I2C_Master_Write *****************
   479 ;; Defined at:
   480 ;;		line 52 in file "newmain.c"
   481 ;; Parameters:    Size  Location     Type
   482 ;;  d               1    wreg     unsigned char 
   483 ;; Auto vars:     Size  Location     Type
   484 ;;  d               1    1[COMMON] unsigned char 
   485 ;; Return value:  Size  Location     Type
   486 ;;                  1    wreg      void 
   487 ;; Registers used:
   488 ;;		wreg, status,2, status,0, pclath, cstack
   489 ;; Tracked objects:
   490 ;;		On entry : 0/0
   491 ;;		On exit  : 0/0
   492 ;;		Unchanged: 0/0
   493 ;; Data sizes:     COMMON   BANK0   BANK1   BANK3   BANK2
   494 ;;      Params:         0       0       0       0       0
   495 ;;      Locals:         1       0       0       0       0
   496 ;;      Temps:          0       0       0       0       0
   497 ;;      Totals:         1       0       0       0       0
   498 ;;Total ram usage:        1 bytes
   499 ;; Hardware stack levels used: 1
   500 ;; Hardware stack levels required when called: 1
   501 ;; This function calls:
   502 ;;		_I2C_Master_Wait
   503 ;; This function is called by:
   504 ;;		_main
   505 ;; This function uses a non-reentrant model
   506 ;;
   507                           
   508     06EC                     _I2C_Master_Write:	
   509                           ;psect for function _I2C_Master_Write
   510                           
   511                           
   512                           ;incstack = 0
   513                           ; Regs used in _I2C_Master_Write: [wreg+status,2+status,0+pclath+cstack]
   514                           ;I2C_Master_Write@d stored from wreg
   515     06EC  00F1               	movwf	I2C_Master_Write@d
   516     06ED                     l766:
   517                           
   518                           ;newmain.c: 52:   ACKDT = (a)?0:1;;newmain.c: 53:   ACKEN = 1;;newmain.c: 54:   return t
      +                          emp;
   519     06ED  0871               	movf	I2C_Master_Write@d,w
   520     06EE  1283               	bcf	3,5	;RP0=0, select bank0
   521     06EF  1303               	bcf	3,6	;RP1=0, select bank0
   522     06F0  0093               	movwf	19	;volatile
   523     06F1                     l768:
   524                           
   525                           ;newmain.c: 55: }
   526     06F1  120A  118A  26F7  120A  118A  	fcall	_I2C_Master_Wait
   527     06F6                     l111:
   528     06F6  0008               	return
   529     06F7                     __end_of_I2C_Master_Write:
   530                           
   531                           	psect	text2
   532     06E3                     __ptext2:	
   533 ;; *************** function _I2C_Master_Stop *****************
   534 ;; Defined at:
   535 ;;		line 46 in file "newmain.c"
   536 ;; Parameters:    Size  Location     Type
   537 ;;		None
   538 ;; Auto vars:     Size  Location     Type
   539 ;;		None
   540 ;; Return value:  Size  Location     Type
   541 ;;                  1    wreg      void 
   542 ;; Registers used:
   543 ;;		wreg, status,2, status,0, pclath, cstack
   544 ;; Tracked objects:
   545 ;;		On entry : 0/0
   546 ;;		On exit  : 0/0
   547 ;;		Unchanged: 0/0
   548 ;; Data sizes:     COMMON   BANK0   BANK1   BANK3   BANK2
   549 ;;      Params:         0       0       0       0       0
   550 ;;      Locals:         0       0       0       0       0
   551 ;;      Temps:          0       0       0       0       0
   552 ;;      Totals:         0       0       0       0       0
   553 ;;Total ram usage:        0 bytes
   554 ;; Hardware stack levels used: 1
   555 ;; Hardware stack levels required when called: 1
   556 ;; This function calls:
   557 ;;		_I2C_Master_Wait
   558 ;; This function is called by:
   559 ;;		_main
   560 ;; This function uses a non-reentrant model
   561 ;;
   562                           
   563     06E3                     _I2C_Master_Stop:	
   564                           ;psect for function _I2C_Master_Stop
   565                           
   566     06E3                     l762:	
   567                           ;incstack = 0
   568                           ; Regs used in _I2C_Master_Stop: [wreg+status,2+status,0+pclath+cstack]
   569                           
   570                           
   571                           ;newmain.c: 48:   RCEN = 1;
   572     06E3  1683               	bsf	3,5	;RP0=1, select bank1
   573     06E4  1303               	bcf	3,6	;RP1=0, select bank1
   574     06E5  1511               	bsf	17,2	;volatile
   575     06E6                     l764:
   576                           
   577                           ;newmain.c: 49:   I2C_Master_Wait();
   578     06E6  120A  118A  26F7  120A  118A  	fcall	_I2C_Master_Wait
   579     06EB                     l108:
   580     06EB  0008               	return
   581     06EC                     __end_of_I2C_Master_Stop:
   582                           
   583                           	psect	text3
   584     06DA                     __ptext3:	
   585 ;; *************** function _I2C_Master_Start *****************
   586 ;; Defined at:
   587 ;;		line 34 in file "newmain.c"
   588 ;; Parameters:    Size  Location     Type
   589 ;;		None
   590 ;; Auto vars:     Size  Location     Type
   591 ;;		None
   592 ;; Return value:  Size  Location     Type
   593 ;;                  1    wreg      void 
   594 ;; Registers used:
   595 ;;		wreg, status,2, status,0, pclath, cstack
   596 ;; Tracked objects:
   597 ;;		On entry : 0/0
   598 ;;		On exit  : 0/0
   599 ;;		Unchanged: 0/0
   600 ;; Data sizes:     COMMON   BANK0   BANK1   BANK3   BANK2
   601 ;;      Params:         0       0       0       0       0
   602 ;;      Locals:         0       0       0       0       0
   603 ;;      Temps:          0       0       0       0       0
   604 ;;      Totals:         0       0       0       0       0
   605 ;;Total ram usage:        0 bytes
   606 ;; Hardware stack levels used: 1
   607 ;; Hardware stack levels required when called: 1
   608 ;; This function calls:
   609 ;;		_I2C_Master_Wait
   610 ;; This function is called by:
   611 ;;		_main
   612 ;; This function uses a non-reentrant model
   613 ;;
   614                           
   615     06DA                     _I2C_Master_Start:	
   616                           ;psect for function _I2C_Master_Start
   617                           
   618     06DA                     l758:	
   619                           ;incstack = 0
   620                           ; Regs used in _I2C_Master_Start: [wreg+status,2+status,0+pclath+cstack]
   621                           
   622                           
   623                           ;newmain.c: 36: 
   624     06DA  1683               	bsf	3,5	;RP0=1, select bank1
   625     06DB  1303               	bcf	3,6	;RP1=0, select bank1
   626     06DC  1411               	bsf	17,0	;volatile
   627     06DD                     l760:
   628                           
   629                           ;newmain.c: 37: void I2C_Master_Write(unsigned char d)
   630     06DD  120A  118A  26F7  120A  118A  	fcall	_I2C_Master_Wait
   631     06E2                     l102:
   632     06E2  0008               	return
   633     06E3                     __end_of_I2C_Master_Start:
   634                           
   635                           	psect	text4
   636     06F7                     __ptext4:	
   637 ;; *************** function _I2C_Master_Wait *****************
   638 ;; Defined at:
   639 ;;		line 27 in file "newmain.c"
   640 ;; Parameters:    Size  Location     Type
   641 ;;		None
   642 ;; Auto vars:     Size  Location     Type
   643 ;;		None
   644 ;; Return value:  Size  Location     Type
   645 ;;                  1    wreg      void 
   646 ;; Registers used:
   647 ;;		wreg, status,2, status,0
   648 ;; Tracked objects:
   649 ;;		On entry : 0/0
   650 ;;		On exit  : 0/0
   651 ;;		Unchanged: 0/0
   652 ;; Data sizes:     COMMON   BANK0   BANK1   BANK3   BANK2
   653 ;;      Params:         0       0       0       0       0
   654 ;;      Locals:         0       0       0       0       0
   655 ;;      Temps:          1       0       0       0       0
   656 ;;      Totals:         1       0       0       0       0
   657 ;;Total ram usage:        1 bytes
   658 ;; Hardware stack levels used: 1
   659 ;; This function calls:
   660 ;;		Nothing
   661 ;; This function is called by:
   662 ;;		_I2C_Master_Start
   663 ;;		_I2C_Master_Stop
   664 ;;		_I2C_Master_Write
   665 ;;		_I2C_Master_RepeatedStart
   666 ;;		_I2C_Master_Read
   667 ;; This function uses a non-reentrant model
   668 ;;
   669                           
   670     06F7                     _I2C_Master_Wait:	
   671                           ;psect for function _I2C_Master_Wait
   672                           
   673     06F7                     l714:	
   674                           ;incstack = 0
   675                           ; Regs used in _I2C_Master_Wait: [wreg+status,2+status,0]
   676                           
   677     06F7                     l716:	
   678                           ;newmain.c: 31: void I2C_Master_Stop()
   679                           
   680     06F7  301F               	movlw	31
   681     06F8  1683               	bsf	3,5	;RP0=1, select bank1
   682     06F9  1303               	bcf	3,6	;RP1=0, select bank1
   683     06FA  0511               	andwf	17,w	;volatile
   684     06FB  00F0               	movwf	??_I2C_Master_Wait
   685     06FC  0814               	movf	20,w	;volatile
   686     06FD  3904               	andlw	4
   687     06FE  0470               	iorwf	??_I2C_Master_Wait,w
   688     06FF  1D03               	btfss	3,2
   689     0700  2F02               	goto	u11
   690     0701  2F03               	goto	u10
   691     0702                     u11:
   692     0702  2EF7               	goto	l716
   693     0703                     u10:
   694     0703                     l99:
   695     0703  0008               	return
   696     0704                     __end_of_I2C_Master_Wait:
   697                           
   698                           	psect	text5
   699     0704                     __ptext5:	
   700 ;; *************** function _I2C_Master_Init *****************
   701 ;; Defined at:
   702 ;;		line 17 in file "newmain.c"
   703 ;; Parameters:    Size  Location     Type
   704 ;;  c               4    0[BANK0 ] const unsigned long 
   705 ;; Auto vars:     Size  Location     Type
   706 ;;		None
   707 ;; Return value:  Size  Location     Type
   708 ;;                  1    wreg      void 
   709 ;; Registers used:
   710 ;;		wreg, status,2, status,0, btemp+1, pclath, cstack
   711 ;; Tracked objects:
   712 ;;		On entry : 0/0
   713 ;;		On exit  : 0/0
   714 ;;		Unchanged: 0/0
   715 ;; Data sizes:     COMMON   BANK0   BANK1   BANK3   BANK2
   716 ;;      Params:         0       4       0       0       0
   717 ;;      Locals:         0       0       0       0       0
   718 ;;      Temps:          0       4       0       0       0
   719 ;;      Totals:         0       8       0       0       0
   720 ;;Total ram usage:        8 bytes
   721 ;; Hardware stack levels used: 1
   722 ;; Hardware stack levels required when called: 1
   723 ;; This function calls:
   724 ;;		___lldiv
   725 ;; This function is called by:
   726 ;;		_main
   727 ;; This function uses a non-reentrant model
   728 ;;
   729                           
   730     0704                     _I2C_Master_Init:	
   731                           ;psect for function _I2C_Master_Init
   732                           
   733     0704                     l882:	
   734                           ;incstack = 0
   735                           ; Regs used in _I2C_Master_Init: [wreg+status,2+status,0+btemp+1+pclath+cstack]
   736                           
   737                           
   738                           ;newmain.c: 18: 
   739     0704  3028               	movlw	40
   740     0705  1283               	bcf	3,5	;RP0=0, select bank0
   741     0706  1303               	bcf	3,6	;RP1=0, select bank0
   742     0707  0094               	movwf	20	;volatile
   743     0708                     l884:
   744                           
   745                           ;newmain.c: 20: {
   746     0708  0820               	movf	I2C_Master_Init@c,w
   747     0709  00A4               	movwf	??_I2C_Master_Init
   748     070A  0821               	movf	I2C_Master_Init@c+1,w
   749     070B  00A5               	movwf	??_I2C_Master_Init+1
   750     070C  0822               	movf	I2C_Master_Init@c+2,w
   751     070D  00A6               	movwf	??_I2C_Master_Init+2
   752     070E  0823               	movf	I2C_Master_Init@c+3,w
   753     070F  00A7               	movwf	??_I2C_Master_Init+3
   754     0710  3002               	movlw	2
   755     0711                     u265:
   756     0711  1003               	clrc
   757     0712  0DA4               	rlf	??_I2C_Master_Init,f
   758     0713  0DA5               	rlf	??_I2C_Master_Init+1,f
   759     0714  0DA6               	rlf	??_I2C_Master_Init+2,f
   760     0715  0DA7               	rlf	??_I2C_Master_Init+3,f
   761     0716                     u260:
   762     0716  3EFF               	addlw	-1
   763     0717  1D03               	skipz
   764     0718  2F11               	goto	u265
   765     0719  0827               	movf	??_I2C_Master_Init+3,w
   766     071A  00F3               	movwf	___lldiv@divisor+3
   767     071B  0826               	movf	??_I2C_Master_Init+2,w
   768     071C  00F2               	movwf	___lldiv@divisor+2
   769     071D  0825               	movf	??_I2C_Master_Init+1,w
   770     071E  00F1               	movwf	___lldiv@divisor+1
   771     071F  0824               	movf	??_I2C_Master_Init,w
   772     0720  00F0               	movwf	___lldiv@divisor
   773     0721  3001               	movlw	1
   774     0722  00F7               	movwf	___lldiv@dividend+3
   775     0723  3031               	movlw	49
   776     0724  00F6               	movwf	___lldiv@dividend+2
   777     0725  302D               	movlw	45
   778     0726  00F5               	movwf	___lldiv@dividend+1
   779     0727  3000               	movlw	0
   780     0728  00F4               	movwf	___lldiv@dividend
   781     0729  120A  118A  2796  120A  118A  	fcall	___lldiv
   782     072E  0870               	movf	?___lldiv,w
   783     072F  3EFF               	addlw	255
   784     0730  1683               	bsf	3,5	;RP0=1, select bank1
   785     0731  1303               	bcf	3,6	;RP1=0, select bank1
   786     0732  0093               	movwf	19	;volatile
   787     0733                     l886:
   788                           
   789                           ;newmain.c: 23: }
   790     0733  1587               	bsf	7,3	;volatile
   791     0734                     l888:
   792                           
   793                           ;newmain.c: 24: 
   794     0734  1607               	bsf	7,4	;volatile
   795     0735                     l93:
   796     0735  0008               	return
   797     0736                     __end_of_I2C_Master_Init:
   798                           
   799                           	psect	text6
   800     0796                     __ptext6:	
   801 ;; *************** function ___lldiv *****************
   802 ;; Defined at:
   803 ;;		line 5 in file "C:\Program Files\Microchip\xc8\v2.41\pic\sources\c90\common\__lldiv.c"
   804 ;; Parameters:    Size  Location     Type
   805 ;;  divisor         4    0[COMMON] unsigned long 
   806 ;;  dividend        4    4[COMMON] unsigned long 
   807 ;; Auto vars:     Size  Location     Type
   808 ;;  quotient        4    9[COMMON] unsigned long 
   809 ;;  counter         1   13[COMMON] unsigned char 
   810 ;; Return value:  Size  Location     Type
   811 ;;                  4    0[COMMON] unsigned long 
   812 ;; Registers used:
   813 ;;		wreg, status,2, status,0, btemp+1
   814 ;; Tracked objects:
   815 ;;		On entry : 0/0
   816 ;;		On exit  : 0/0
   817 ;;		Unchanged: 0/0
   818 ;; Data sizes:     COMMON   BANK0   BANK1   BANK3   BANK2
   819 ;;      Params:         8       0       0       0       0
   820 ;;      Locals:         5       0       0       0       0
   821 ;;      Temps:          1       0       0       0       0
   822 ;;      Totals:        14       0       0       0       0
   823 ;;Total ram usage:       14 bytes
   824 ;; Hardware stack levels used: 1
   825 ;; This function calls:
   826 ;;		Nothing
   827 ;; This function is called by:
   828 ;;		_I2C_Master_Init
   829 ;;		_I2C_Init
   830 ;; This function uses a non-reentrant model
   831 ;;
   832                           
   833     0796                     ___lldiv:	
   834                           ;psect for function ___lldiv
   835                           
   836     0796                     l856:	
   837                           ;incstack = 0
   838                           ; Regs used in ___lldiv: [wreg+status,2+status,0+btemp+1]
   839                           
   840     0796  3000               	movlw	0
   841     0797  00FC               	movwf	___lldiv@quotient+3
   842     0798  3000               	movlw	0
   843     0799  00FB               	movwf	___lldiv@quotient+2
   844     079A  3000               	movlw	0
   845     079B  00FA               	movwf	___lldiv@quotient+1
   846     079C  3000               	movlw	0
   847     079D  00F9               	movwf	___lldiv@quotient
   848     079E  0873               	movf	___lldiv@divisor+3,w
   849     079F  0472               	iorwf	___lldiv@divisor+2,w
   850     07A0  0471               	iorwf	___lldiv@divisor+1,w
   851     07A1  0470               	iorwf	___lldiv@divisor,w
   852     07A2  1903               	skipnz
   853     07A3  2FA5               	goto	u191
   854     07A4  2FA6               	goto	u190
   855     07A5                     u191:
   856     07A5  2FF3               	goto	l878
   857     07A6                     u190:
   858     07A6                     l858:
   859     07A6  01FD               	clrf	___lldiv@counter
   860     07A7  0AFD               	incf	___lldiv@counter,f
   861     07A8  2FB6               	goto	l864
   862     07A9                     l860:
   863     07A9  3001               	movlw	1
   864     07AA  00F8               	movwf	??___lldiv
   865     07AB                     u205:
   866     07AB  1003               	clrc
   867     07AC  0DF0               	rlf	___lldiv@divisor,f
   868     07AD  0DF1               	rlf	___lldiv@divisor+1,f
   869     07AE  0DF2               	rlf	___lldiv@divisor+2,f
   870     07AF  0DF3               	rlf	___lldiv@divisor+3,f
   871     07B0  0BF8               	decfsz	??___lldiv,f
   872     07B1  2FAB               	goto	u205
   873     07B2                     l862:
   874     07B2  3001               	movlw	1
   875     07B3  00FF               	movwf	btemp+1
   876     07B4  087F               	movf	btemp+1,w
   877     07B5  07FD               	addwf	___lldiv@counter,f
   878     07B6                     l864:
   879     07B6  1FF3               	btfss	___lldiv@divisor+3,7
   880     07B7  2FB9               	goto	u211
   881     07B8  2FBA               	goto	u210
   882     07B9                     u211:
   883     07B9  2FA9               	goto	l860
   884     07BA                     u210:
   885     07BA                     l866:
   886     07BA  3001               	movlw	1
   887     07BB  00F8               	movwf	??___lldiv
   888     07BC                     u225:
   889     07BC  1003               	clrc
   890     07BD  0DF9               	rlf	___lldiv@quotient,f
   891     07BE  0DFA               	rlf	___lldiv@quotient+1,f
   892     07BF  0DFB               	rlf	___lldiv@quotient+2,f
   893     07C0  0DFC               	rlf	___lldiv@quotient+3,f
   894     07C1  0BF8               	decfsz	??___lldiv,f
   895     07C2  2FBC               	goto	u225
   896     07C3                     l868:
   897     07C3  0873               	movf	___lldiv@divisor+3,w
   898     07C4  0277               	subwf	___lldiv@dividend+3,w
   899     07C5  1D03               	skipz
   900     07C6  2FD1               	goto	u235
   901     07C7  0872               	movf	___lldiv@divisor+2,w
   902     07C8  0276               	subwf	___lldiv@dividend+2,w
   903     07C9  1D03               	skipz
   904     07CA  2FD1               	goto	u235
   905     07CB  0871               	movf	___lldiv@divisor+1,w
   906     07CC  0275               	subwf	___lldiv@dividend+1,w
   907     07CD  1D03               	skipz
   908     07CE  2FD1               	goto	u235
   909     07CF  0870               	movf	___lldiv@divisor,w
   910     07D0  0274               	subwf	___lldiv@dividend,w
   911     07D1                     u235:
   912     07D1  1C03               	skipc
   913     07D2  2FD4               	goto	u231
   914     07D3  2FD5               	goto	u230
   915     07D4                     u231:
   916     07D4  2FE4               	goto	l874
   917     07D5                     u230:
   918     07D5                     l870:
   919     07D5  0870               	movf	___lldiv@divisor,w
   920     07D6  02F4               	subwf	___lldiv@dividend,f
   921     07D7  0871               	movf	___lldiv@divisor+1,w
   922     07D8  1C03               	skipc
   923     07D9  0F71               	incfsz	___lldiv@divisor+1,w
   924     07DA  02F5               	subwf	___lldiv@dividend+1,f
   925     07DB  0872               	movf	___lldiv@divisor+2,w
   926     07DC  1C03               	skipc
   927     07DD  0F72               	incfsz	___lldiv@divisor+2,w
   928     07DE  02F6               	subwf	___lldiv@dividend+2,f
   929     07DF  0873               	movf	___lldiv@divisor+3,w
   930     07E0  1C03               	skipc
   931     07E1  0F73               	incfsz	___lldiv@divisor+3,w
   932     07E2  02F7               	subwf	___lldiv@dividend+3,f
   933     07E3                     l872:
   934     07E3  1479               	bsf	___lldiv@quotient,0
   935     07E4                     l874:
   936     07E4  3001               	movlw	1
   937     07E5                     u245:
   938     07E5  1003               	clrc
   939     07E6  0CF3               	rrf	___lldiv@divisor+3,f
   940     07E7  0CF2               	rrf	___lldiv@divisor+2,f
   941     07E8  0CF1               	rrf	___lldiv@divisor+1,f
   942     07E9  0CF0               	rrf	___lldiv@divisor,f
   943     07EA  3EFF               	addlw	-1
   944     07EB  1D03               	skipz
   945     07EC  2FE5               	goto	u245
   946     07ED                     l876:
   947     07ED  3001               	movlw	1
   948     07EE  02FD               	subwf	___lldiv@counter,f
   949     07EF  1D03               	btfss	3,2
   950     07F0  2FF2               	goto	u251
   951     07F1  2FF3               	goto	u250
   952     07F2                     u251:
   953     07F2  2FBA               	goto	l866
   954     07F3                     u250:
   955     07F3                     l878:
   956     07F3  087C               	movf	___lldiv@quotient+3,w
   957     07F4  00F3               	movwf	?___lldiv+3
   958     07F5  087B               	movf	___lldiv@quotient+2,w
   959     07F6  00F2               	movwf	?___lldiv+2
   960     07F7  087A               	movf	___lldiv@quotient+1,w
   961     07F8  00F1               	movwf	?___lldiv+1
   962     07F9  0879               	movf	___lldiv@quotient,w
   963     07FA  00F0               	movwf	?___lldiv
   964     07FB                     l244:
   965     07FB  0008               	return
   966     07FC                     __end_of___lldiv:
   967     007E                     btemp	set	126	;btemp
   968     007E                     wtemp0	set	126
   969                           
   970                           	psect	config
   971                           
   972                           ;Config register CONFIG @ 0x2007
   973                           ;	Oscillator Selection bits
   974                           ;	FOSC = HS, HS oscillator
   975                           ;	Watchdog Timer Enable bit
   976                           ;	WDTE = OFF, WDT disabled
   977                           ;	Power-up Timer Enable bit
   978                           ;	PWRTE = OFF, PWRT disabled
   979                           ;	Brown-out Reset Enable bit
   980                           ;	BOREN = ON, BOR enabled
   981                           ;	Low-Voltage (Single-Supply) In-Circuit Serial Programming Enable bit
   982                           ;	LVP = OFF, RB3 is digital I/O, HV on MCLR must be used for programming
   983                           ;	Data EEPROM Memory Code Protection bit
   984                           ;	CPD = OFF, Data EEPROM code protection off
   985                           ;	Flash Program Memory Write Enable bits
   986                           ;	WRT = OFF, Write protection off; all program memory may be written to by EECON control
   987                           ;	In-Circuit Debugger Mode bit
   988                           ;	DEBUG = 0x1, unprogrammed default
   989                           ;	Flash Program Memory Code Protection bit
   990                           ;	CP = OFF, Code protection off
   991     2007                     	org	8199
   992     2007  3F7A               	dw	16250

Data Sizes:
    Strings     0
    Constant    0
    Data        0
    BSS         0
    Persistent  0
    Stack       0

Auto Spaces:
    Space          Size  Autos    Used
    COMMON           14     14      14
    BANK0            80     11      11
    BANK1            80      0       0
    BANK3            96      0       0
    BANK2            96      0       0

Pointer List with Targets:

    None.

Critical Paths under _main in COMMON

    _I2C_Master_Write->_I2C_Master_Wait
    _I2C_Master_Stop->_I2C_Master_Wait
    _I2C_Master_Start->_I2C_Master_Wait
    _I2C_Master_Init->___lldiv

Critical Paths under _main in BANK0

    _main->_I2C_Master_Init

Critical Paths under _main in BANK1

    None.

Critical Paths under _main in BANK3

    None.

Critical Paths under _main in BANK2

    None.

Call Graph Tables:

 ---------------------------------------------------------------------------------
 (Depth) Function   	        Calls       Base Space   Used Autos Params    Refs
 ---------------------------------------------------------------------------------
 (0) _main                                                 3     3      0     579
                                              8 BANK0      3     3      0
                    _I2C_Master_Init
                   _I2C_Master_Start
                    _I2C_Master_Stop
                   _I2C_Master_Write
 ---------------------------------------------------------------------------------
 (1) _I2C_Master_Write                                     1     1      0      15
                                              1 COMMON     1     1      0
                    _I2C_Master_Wait
 ---------------------------------------------------------------------------------
 (1) _I2C_Master_Stop                                      0     0      0       0
                    _I2C_Master_Wait
 ---------------------------------------------------------------------------------
 (1) _I2C_Master_Start                                     0     0      0       0
                    _I2C_Master_Wait
 ---------------------------------------------------------------------------------
 (2) _I2C_Master_Wait                                      1     1      0       0
                                              0 COMMON     1     1      0
 ---------------------------------------------------------------------------------
 (1) _I2C_Master_Init                                      8     4      4     564
                                              0 BANK0      8     4      4
                            ___lldiv
 ---------------------------------------------------------------------------------
 (2) ___lldiv                                             14     6      8     466
                                              0 COMMON    14     6      8
 ---------------------------------------------------------------------------------
 Estimated maximum stack depth 2
 ---------------------------------------------------------------------------------

 Call Graph Graphs:

 _main (ROOT)
   _I2C_Master_Init
     ___lldiv
   _I2C_Master_Start
     _I2C_Master_Wait
   _I2C_Master_Stop
     _I2C_Master_Wait
   _I2C_Master_Write
     _I2C_Master_Wait

 Address spaces:
Name               Size   Autos  Total    Cost      Usage
BITCOMMON            E      0       0       0        0.0%
EEDATA             100      0       0       0        0.0%
NULL                 0      0       0       0        0.0%
CODE                 0      0       0       0        0.0%
COMMON               E      E       E       1      100.0%
BITSFR0              0      0       0       1        0.0%
SFR0                 0      0       0       1        0.0%
BITSFR1              0      0       0       2        0.0%
SFR1                 0      0       0       2        0.0%
STACK                0      0       0       2        0.0%
ABS                  0      0       0       3        0.0%
BITBANK0            50      0       0       4        0.0%
BITSFR3              0      0       0       4        0.0%
SFR3                 0      0       0       4        0.0%
BANK0               50      B       B       5       13.8%
BITSFR2              0      0       0       5        0.0%
SFR2                 0      0       0       5        0.0%
BITBANK1            50      0       0       6        0.0%
BANK1               50      0       0       7        0.0%
BITBANK3            60      0       0       8        0.0%
BANK3               60      0       0       9        0.0%
BITBANK2            60      0       0      10        0.0%
BANK2               60      0       0      11        0.0%
DATA                 0      0       0      12        0.0%


Microchip Technology PIC Macro Assembler V2.41 build 20230208172133 
Symbol Table                                                                                   Tue Jun 04 12:41:28 2024

                      l93 0735                        l99 0703                        u10 0703  
                      u11 0702                       l102 06E2                       l111 06F6  
                     l108 06EB                       l244 07FB                       l714 06F7  
                     l716 06F7                       l910 074F                       l902 0736  
                     l760 06DD                       l920 0776                       l912 0754  
                     l904 0739                       l762 06E3                       l922 0779  
                     l914 075A                       l906 073E                       l860 07A9  
                     l764 06E6                       l924 077E                       l916 0762  
                     l908 074B                       l870 07D5                       l862 07B2  
                     l758 06DA                       l766 06ED                       l926 0783  
                     l918 0767                       l872 07E3                       l864 07B6  
                     l856 0796                       l768 06F1                       l874 07E4  
                     l866 07BA                       l858 07A6                       l882 0704  
                     l876 07ED                       l868 07C3                       l884 0708  
                     l878 07F3                       l886 0733                       l888 0734  
                     u210 07BA                       u211 07B9                       u205 07AB  
                     u230 07D5                       u231 07D4                       u225 07BC  
                     u250 07F3                       u251 07F2                       u235 07D1  
                     u260 0716                       u245 07E5                       u190 07A6  
                     u191 07A5                       _PEN 048A                       u265 0711  
                     u287 076F                       u297 078B                       _SEN 0488  
                    _RCEN 048B                      _RSEN 0489                      _main 0736  
                    btemp 007E                      start 0000          ?_I2C_Master_Init 0020  
        ?_I2C_Master_Wait 0070          ?_I2C_Master_Stop 0070                     ?_main 0070  
                   _ACKEN 048C                     _ACKDT 048D           __end_of___lldiv 07FC  
                   _PORTB 0006                     _PORTD 0008                     _TRISB 0086  
                   _TRISD 0088                     _SSPIF 0063                     _nRBPU 040F  
                   status 0003                     wtemp0 007E           __initialization 07FC  
            __end_of_main 0796                    ??_main 0028         ?_I2C_Master_Start 0070  
       ?_I2C_Master_Write 0070        ??_I2C_Master_Start 0071        ??_I2C_Master_Write 0071  
                  _SSPADD 0093                    _TRISC3 043B                    _TRISC4 043C  
                  _SSPCON 0014                    _SSPBUF 0013                 ??___lldiv 0078  
 __end_of__initialization 07FC            __pcstackCOMMON 0070                __pmaintext 0736  
                 _SSPCON2 0091                   _SSPSTAT 0094                   ___lldiv 0796  
                 __ptext1 06EC                   __ptext2 06E3                   __ptext3 06DA  
                 __ptext4 06F7                   __ptext5 0704                   __ptext6 0796  
    end_of_initialization 07FC           ___lldiv@divisor 0070           ___lldiv@counter 007D  
        I2C_Master_Init@c 0020                 _TRISCbits 0087       start_initialization 07FC  
       ??_I2C_Master_Init 0024         ??_I2C_Master_Wait 0070         ??_I2C_Master_Stop 0071  
               ___latbits 0002             __pcstackBANK0 0020          _I2C_Master_Start 06DA  
        _I2C_Master_Write 06EC                  ?___lldiv 0070           _I2C_Master_Init 0704  
         _I2C_Master_Wait 06F7           _I2C_Master_Stop 06E3  __end_of_I2C_Master_Start 06E3  
__end_of_I2C_Master_Write 06F7          ___lldiv@dividend 0074   __end_of_I2C_Master_Init 0736  
 __end_of_I2C_Master_Wait 0704   __end_of_I2C_Master_Stop 06EC          ___lldiv@quotient 0079  
       I2C_Master_Write@d 0071               _SSPCON2bits 0091  
